<?xml version="1.0" encoding="UTF-8"?>
<!-- Generated by org.testng.reporters.JUnitXMLReporter -->
<testsuite ignored="2" hostname="PREDATOR" failures="2" tests="38" name="ExtentReporting" time="366.638" errors="0" timestamp="2025-08-01T23:16:20 IST">
  <testcase classname="expandTestingSeleniumPractice.A_WebInputPractice" name="provideData" time="4.202"/>
  <testcase classname="expandTestingSeleniumPractice.B_LoginPage" name="UserLogin" time="3.75">
    <failure type="org.openqa.selenium.ElementClickInterceptedException" message="element click intercepted: Element is not clickable at point (901, 1012)
  (Session info: MicrosoftEdge=138.0.3351.109)
Build info: version: &amp;apos;4.28.1&amp;apos;, revision: &amp;apos;73f5ad48a2&amp;apos;
System info: os.name: &amp;apos;Windows 10&amp;apos;, os.arch: &amp;apos;amd64&amp;apos;, os.version: &amp;apos;10.0&amp;apos;, java.version: &amp;apos;18.0.1.1&amp;apos;
Driver info: org.openqa.selenium.edge.EdgeDriver
Command: [4df54073a2f003ded6fc30555f86aa82, clickElement {id=f.0BEBD2BF0E50370502451BE67BDBCAC8.d.F3448E1CF862C1384AD36FA68E387ACF.e.12}]
Capabilities {acceptInsecureCerts: false, browserName: MicrosoftEdge, browserVersion: 138.0.3351.109, fedcm:accounts: true, ms:edgeOptions: {debuggerAddress: localhost:58636}, msedge: {msedgedriverVersion: 138.0.3351.83 (16e2a7bef320..., userDataDir: C:\Users\SHUBHA~1\AppData\L...}, networkConnectionEnabled: false, pageLoadStrategy: normal, platformName: windows, proxy: Proxy(), se:cdp: ws://localhost:58636/devtoo..., se:cdpVersion: 138.0.3351.109, setWindowRect: true, strictFileInteractability: false, timeouts: {implicit: 0, pageLoad: 300000, script: 30000}, unhandledPromptBehavior: dismiss and notify, webauthn:extension:credBlob: true, webauthn:extension:largeBlob: true, webauthn:extension:minPinLength: true, webauthn:extension:prf: true, webauthn:virtualAuthenticators: true}
Element: [[EdgeDriver: MicrosoftEdge on windows (4df54073a2f003ded6fc30555f86aa82)] -&amp;gt; xpath: //button[text()=&amp;apos;Login&amp;apos;]]
Session ID: 4df54073a2f003ded6fc30555f86aa82">
      <![CDATA[org.openqa.selenium.ElementClickInterceptedException: element click intercepted: Element is not clickable at point (901, 1012)
  (Session info: MicrosoftEdge=138.0.3351.109)
Build info: version: '4.28.1', revision: '73f5ad48a2'
System info: os.name: 'Windows 10', os.arch: 'amd64', os.version: '10.0', java.version: '18.0.1.1'
Driver info: org.openqa.selenium.edge.EdgeDriver
Command: [4df54073a2f003ded6fc30555f86aa82, clickElement {id=f.0BEBD2BF0E50370502451BE67BDBCAC8.d.F3448E1CF862C1384AD36FA68E387ACF.e.12}]
Capabilities {acceptInsecureCerts: false, browserName: MicrosoftEdge, browserVersion: 138.0.3351.109, fedcm:accounts: true, ms:edgeOptions: {debuggerAddress: localhost:58636}, msedge: {msedgedriverVersion: 138.0.3351.83 (16e2a7bef320..., userDataDir: C:\Users\SHUBHA~1\AppData\L...}, networkConnectionEnabled: false, pageLoadStrategy: normal, platformName: windows, proxy: Proxy(), se:cdp: ws://localhost:58636/devtoo..., se:cdpVersion: 138.0.3351.109, setWindowRect: true, strictFileInteractability: false, timeouts: {implicit: 0, pageLoad: 300000, script: 30000}, unhandledPromptBehavior: dismiss and notify, webauthn:extension:credBlob: true, webauthn:extension:largeBlob: true, webauthn:extension:minPinLength: true, webauthn:extension:prf: true, webauthn:virtualAuthenticators: true}
Element: [[EdgeDriver: MicrosoftEdge on windows (4df54073a2f003ded6fc30555f86aa82)] -> xpath: //button[text()='Login']]
Session ID: 4df54073a2f003ded6fc30555f86aa82
at org.openqa.selenium.remote.ErrorCodec.decode(ErrorCodec.java:167)
at org.openqa.selenium.remote.codec.w3c.W3CHttpResponseCodec.decode(W3CHttpResponseCodec.java:138)
at org.openqa.selenium.remote.codec.w3c.W3CHttpResponseCodec.decode(W3CHttpResponseCodec.java:50)
at org.openqa.selenium.remote.HttpCommandExecutor.execute(HttpCommandExecutor.java:215)
at org.openqa.selenium.remote.service.DriverCommandExecutor.invokeExecute(DriverCommandExecutor.java:216)
at org.openqa.selenium.remote.service.DriverCommandExecutor.execute(DriverCommandExecutor.java:174)
at org.openqa.selenium.remote.RemoteWebDriver.execute(RemoteWebDriver.java:545)
at org.openqa.selenium.remote.RemoteWebElement.execute(RemoteWebElement.java:223)
at org.openqa.selenium.remote.RemoteWebElement.click(RemoteWebElement.java:76)
at expandTestingSeleniumPractice.B_LoginPage.UserLogin(B_LoginPage.java:25)
at java.base/java.util.ArrayList.forEach(ArrayList.java:1511)
... Removed 28 stack frames]]>
    </failure>
  </testcase> <!-- UserLogin -->
  <testcase classname="expandTestingSeleniumPractice.C_RegistrationPractice" name="UserRegistration" time="5.178">
    <skipped/>
  </testcase> <!-- UserRegistration -->
  <testcase classname="expandTestingSeleniumPractice.C_RegistrationPractice" name="UserRegistration" time="6.914"/>
  <testcase classname="expandTestingSeleniumPractice.C_RegistrationPractice" name="UserRegistration" time="8.082"/>
  <testcase classname="expandTestingSeleniumPractice.D_DynamicTable" name="DynamicTableHandle" time="3.195"/>
  <testcase classname="expandTestingSeleniumPractice.E_DynamicPaginatedTable" name="TestingTableShorting" time="4.644"/>
  <testcase classname="expandTestingSeleniumPractice.F_AboutPage" name="SendEmailToDev" time="4.856"/>
  <testcase classname="expandTestingSeleniumPractice.G_BrowserInformation" name="GetBrowserDetails" time="3.839"/>
  <testcase classname="expandTestingSeleniumPractice.H_RadioButtons" name="DefaultValue" time="3.248"/>
  <testcase classname="expandTestingSeleniumPractice.H_RadioButtons" name="FavSportColour" time="3.908"/>
  <testcase classname="expandTestingSeleniumPractice.I_DragDrop" name="DragDrop" time="5.547"/>
  <testcase classname="expandTestingSeleniumPractice.J_DragDrapInContainer" name="DragDrop" time="6.25"/>
  <testcase classname="expandTestingSeleniumPractice.K_FormValidation" name="FormFill" time="6.834"/>
  <testcase classname="expandTestingSeleniumPractice.L_FileUpload" name="UploadWithSendKey" time="9.499"/>
  <testcase classname="expandTestingSeleniumPractice.M_FileDownload" name="DownloadFileAtCustomLocation" time="13.164"/>
  <testcase classname="expandTestingSeleniumPractice.M_FileDownload" name="DownloadFileAtDefaultLocation" time="6.139"/>
  <testcase classname="expandTestingSeleniumPractice.N_SecureFileDownloadAlertHandling" name="AletPopupHandling" time="3.405"/>
  <testcase classname="expandTestingSeleniumPractice.N_SecureFileDownloadAlertHandling" name="ParameterisedURL" time="0.933"/>
  <testcase classname="expandTestingSeleniumPractice.O_NotificationMessage" name="HandlingNotificationMessage" time="7.678">
    <skipped/>
  </testcase> <!-- HandlingNotificationMessage -->
  <testcase classname="expandTestingSeleniumPractice.O_NotificationMessage" name="HandlingNotificationMessage" time="5.812">
    <skipped/>
  </testcase> <!-- HandlingNotificationMessage -->
  <testcase classname="expandTestingSeleniumPractice.O_NotificationMessage" name="HandlingNotificationMessage" time="9.25">
    <failure type="org.openqa.selenium.StaleElementReferenceException" message="stale element reference: stale element not found
  (Session info: MicrosoftEdge=138.0.3351.109)
For documentation on this error, please visit: https://www.selenium.dev/documentation/webdriver/troubleshooting/errors#stale-element-reference-exception
Build info: version: &amp;apos;4.28.1&amp;apos;, revision: &amp;apos;73f5ad48a2&amp;apos;
System info: os.name: &amp;apos;Windows 10&amp;apos;, os.arch: &amp;apos;amd64&amp;apos;, os.version: &amp;apos;10.0&amp;apos;, java.version: &amp;apos;18.0.1.1&amp;apos;
Driver info: org.openqa.selenium.edge.EdgeDriver
Command: [257c617b3bd6b839de431b707e03d562, isElementDisplayed {id=f.6579E9AE693A637F8F852CAFEDD18155.d.A04256C206F5F0389A1DBF8602ACC49B.e.36}]
Capabilities {acceptInsecureCerts: false, browserName: MicrosoftEdge, browserVersion: 138.0.3351.109, fedcm:accounts: true, ms:edgeOptions: {debuggerAddress: localhost:59845}, msedge: {msedgedriverVersion: 138.0.3351.83 (16e2a7bef320..., userDataDir: C:\Users\SHUBHA~1\AppData\L...}, networkConnectionEnabled: false, pageLoadStrategy: normal, platformName: windows, proxy: Proxy(), se:cdp: ws://localhost:59845/devtoo..., se:cdpVersion: 138.0.3351.109, setWindowRect: true, strictFileInteractability: false, timeouts: {implicit: 0, pageLoad: 300000, script: 30000}, unhandledPromptBehavior: dismiss and notify, webauthn:extension:credBlob: true, webauthn:extension:largeBlob: true, webauthn:extension:minPinLength: true, webauthn:extension:prf: true, webauthn:virtualAuthenticators: true}
Element: [[EdgeDriver: MicrosoftEdge on windows (257c617b3bd6b839de431b707e03d562)] -&amp;gt; id: flash]
Session ID: 257c617b3bd6b839de431b707e03d562">
      <![CDATA[org.openqa.selenium.StaleElementReferenceException: stale element reference: stale element not found
  (Session info: MicrosoftEdge=138.0.3351.109)
For documentation on this error, please visit: https://www.selenium.dev/documentation/webdriver/troubleshooting/errors#stale-element-reference-exception
Build info: version: '4.28.1', revision: '73f5ad48a2'
System info: os.name: 'Windows 10', os.arch: 'amd64', os.version: '10.0', java.version: '18.0.1.1'
Driver info: org.openqa.selenium.edge.EdgeDriver
Command: [257c617b3bd6b839de431b707e03d562, isElementDisplayed {id=f.6579E9AE693A637F8F852CAFEDD18155.d.A04256C206F5F0389A1DBF8602ACC49B.e.36}]
Capabilities {acceptInsecureCerts: false, browserName: MicrosoftEdge, browserVersion: 138.0.3351.109, fedcm:accounts: true, ms:edgeOptions: {debuggerAddress: localhost:59845}, msedge: {msedgedriverVersion: 138.0.3351.83 (16e2a7bef320..., userDataDir: C:\Users\SHUBHA~1\AppData\L...}, networkConnectionEnabled: false, pageLoadStrategy: normal, platformName: windows, proxy: Proxy(), se:cdp: ws://localhost:59845/devtoo..., se:cdpVersion: 138.0.3351.109, setWindowRect: true, strictFileInteractability: false, timeouts: {implicit: 0, pageLoad: 300000, script: 30000}, unhandledPromptBehavior: dismiss and notify, webauthn:extension:credBlob: true, webauthn:extension:largeBlob: true, webauthn:extension:minPinLength: true, webauthn:extension:prf: true, webauthn:virtualAuthenticators: true}
Element: [[EdgeDriver: MicrosoftEdge on windows (257c617b3bd6b839de431b707e03d562)] -> id: flash]
Session ID: 257c617b3bd6b839de431b707e03d562
at org.openqa.selenium.remote.ErrorCodec.decode(ErrorCodec.java:167)
at org.openqa.selenium.remote.codec.w3c.W3CHttpResponseCodec.decode(W3CHttpResponseCodec.java:138)
at org.openqa.selenium.remote.codec.w3c.W3CHttpResponseCodec.decode(W3CHttpResponseCodec.java:50)
at org.openqa.selenium.remote.HttpCommandExecutor.execute(HttpCommandExecutor.java:215)
at org.openqa.selenium.remote.service.DriverCommandExecutor.invokeExecute(DriverCommandExecutor.java:216)
at org.openqa.selenium.remote.service.DriverCommandExecutor.execute(DriverCommandExecutor.java:174)
at org.openqa.selenium.remote.RemoteWebDriver.execute(RemoteWebDriver.java:545)
at org.openqa.selenium.remote.RemoteWebElement.execute(RemoteWebElement.java:223)
at org.openqa.selenium.remote.RemoteWebElement.isDisplayed(RemoteWebElement.java:282)
at org.openqa.selenium.support.ui.ExpectedConditions.elementIfVisible(ExpectedConditions.java:304)
at org.openqa.selenium.support.ui.ExpectedConditions$10.apply(ExpectedConditions.java:290)
at org.openqa.selenium.support.ui.ExpectedConditions$10.apply(ExpectedConditions.java:287)
at org.openqa.selenium.support.ui.FluentWait.until(FluentWait.java:203)
at expandTestingSeleniumPractice.BaseTest.WaitForVisibility(BaseTest.java:67)
at expandTestingSeleniumPractice.O_NotificationMessage.HandlingNotificationMessage(O_NotificationMessage.java:28)
at java.base/java.util.ArrayList.forEach(ArrayList.java:1511)
... Removed 28 stack frames]]>
    </failure>
  </testcase> <!-- HandlingNotificationMessage -->
  <testcase classname="expandTestingSeleniumPractice.P_Autocomplete" name="AutoComplete" time="3.184"/>
  <testcase classname="expandTestingSeleniumPractice.Q_Typos" name="FindTypo" time="2.834"/>
  <testcase classname="expandTestingSeleniumPractice.R_SlowResourcesPage" name="snipperTimer" time="11.268"/>
  <testcase classname="expandTestingSeleniumPractice.S_JavaScriptDialogs" name="SwitchToAlert" time="4.842"/>
  <testcase classname="expandTestingSeleniumPractice.S_JavaScriptDialogs" name="JsAlert" time="3.305"/>
  <testcase classname="expandTestingSeleniumPractice.S_JavaScriptDialogs" name="JsConfirm" time="3.65"/>
  <testcase classname="expandTestingSeleniumPractice.S_JavaScriptDialogs" name="JsPrompt" time="4.095"/>
  <testcase classname="expandTestingSeleniumPractice.T_JQueryUiMenus" name="DownloadExcel" time="9.241">
    <skipped/>
  </testcase> <!-- DownloadExcel -->
  <testcase classname="expandTestingSeleniumPractice.T_JQueryUiMenus" name="DownloadExcel" time="25.942"/>
  <testcase classname="expandTestingSeleniumPractice.U_ContextMenus" name="ContextClick" time="7.977"/>
  <testcase classname="expandTestingSeleniumPractice.V_KeyPresses" name="KeyPress" time="4.664"/>
  <testcase classname="expandTestingSeleniumPractice.W_Geolocation" name="GetLocation" time="4.114"/>
  <testcase classname="expandTestingSeleniumPractice.X_HorizontalSlider" name="HorizontalSlider" time="5.044"/>
  <testcase classname="expandTestingSeleniumPractice.X_HorizontalSlider" name="HorizontalStepSlider" time="3.654"/>
  <testcase classname="expandTestingSeleniumPractice.Y_MouseHover" name="MouseAction" time="5.073"/>
  <testcase classname="expandTestingSeleniumPractice.ZA_Tooltips" name="GetTooltips" time="6.972"/>
  <testcase classname="expandTestingSeleniumPractice.Z_DataTables" name="TableHandling" time="0.0">
    <ignored/>
  </testcase> <!-- TableHandling -->
  <testcase classname="expandTestingSeleniumPractice.L_FileUpload" name="UploadWithRobotClass" time="0.0">
    <ignored/>
  </testcase> <!-- UploadWithRobotClass -->
</testsuite> <!-- ExtentReporting -->
