<?xml version="1.0" encoding="UTF-8"?>
<!-- Generated by org.testng.reporters.JUnitXMLReporter -->
<testsuite ignored="0" hostname="PREDATOR" failures="1" tests="25" name="TestNGRun" time="189.438" errors="0" timestamp="2025-03-21T00:39:01 IST">
  <testcase classname="advanceSelenium.AddExtensiton" name="AddExtensionInAutomatedBrowser" time="7.619"/>
  <testcase classname="functionalLogic.AddToCartFunctionalLogic" name="AddItemToCartAdvanceLogic" time="13.01"/>
  <testcase classname="functionalLogic.AddToCartFunctionalLogic" name="AddItemToCartBasicLogic" time="1.025"/>
  <testcase classname="seleniumPractice.A_WebInputPractice" name="provideData" time="9.386"/>
  <testcase classname="testDataSetupTestNG.TestNGDataProviderHashMap" name="ReadTestData" time="0.002"/>
  <testcase classname="testDataSetupTestNG.TestNGDataProviderHashMap" name="ReadTestData" time="0.002"/>
  <testcase classname="seleniumPractice.B_LoginPage" name="UserLogin" time="9.646">
    <failure type="org.openqa.selenium.ElementClickInterceptedException" message="element click intercepted: Element &amp;lt;button type=&amp;quot;submit&amp;quot; class=&amp;quot;btn btn-bg btn-primary d-block w-100&amp;quot;&amp;gt;...&amp;lt;/button&amp;gt; is not clickable at point (948, 924). Other element would receive the click: &amp;lt;iframe id=&amp;quot;aswift_3&amp;quot; name=&amp;quot;aswift_3&amp;quot; browsingtopics=&amp;quot;true&amp;quot; style=&amp;quot;width: 728px !important; height: 90px !important; display: block; margin: 0px auto;&amp;quot; sandbox=&amp;quot;allow-forms allow-popups allow-popups-to-escape-sandbox allow-same-origin allow-scripts allow-top-navigation-by-user-activation&amp;quot; width=&amp;quot;728&amp;quot; height=&amp;quot;90&amp;quot; frameborder=&amp;quot;0&amp;quot; marginwidth=&amp;quot;0&amp;quot; marginheight=&amp;quot;0&amp;quot; vspace=&amp;quot;0&amp;quot; hspace=&amp;quot;0&amp;quot; allowtransparency=&amp;quot;true&amp;quot; scrolling=&amp;quot;no&amp;quot; allow=&amp;quot;attribution-reporting; run-ad-auction&amp;quot; src=&amp;quot;https://googleads.g.doubleclick.net/pagead/html/r20250319/r20190131/zrt_lookup_fy2021.html#RS-3-&amp;amp;amp;adk=1812271801&amp;amp;amp;client=ca-pub-1056034821646296&amp;amp;amp;fa=1&amp;amp;amp;ifi=4&amp;amp;amp;uci=a!4&amp;amp;amp;btvi=2&amp;quot; data-google-container-id=&amp;quot;a!4&amp;quot; tabindex=&amp;quot;0&amp;quot; title=&amp;quot;Advertisement&amp;quot; aria-label=&amp;quot;Advertisement&amp;quot; data-google-query-id=&amp;quot;CNPIkbOtmYwDFQF3nQkdLIUx-g&amp;quot; data-load-complete=&amp;quot;true&amp;quot;&amp;gt;&amp;lt;/iframe&amp;gt;
  (Session info: MicrosoftEdge=134.0.3124.72)
Build info: version: &amp;apos;4.28.1&amp;apos;, revision: &amp;apos;73f5ad48a2&amp;apos;
System info: os.name: &amp;apos;Windows 10&amp;apos;, os.arch: &amp;apos;amd64&amp;apos;, os.version: &amp;apos;10.0&amp;apos;, java.version: &amp;apos;18.0.1.1&amp;apos;
Driver info: org.openqa.selenium.edge.EdgeDriver
Command: [564aa9683ec706e07cdf046710e4a7b5, clickElement {id=f.FF5400897472BD494C2413B1FDF869F9.d.6175E4856AD5668DFA9564A329684704.e.9}]
Capabilities {acceptInsecureCerts: false, browserName: MicrosoftEdge, browserVersion: 134.0.3124.72, fedcm:accounts: true, ms:edgeOptions: {debuggerAddress: localhost:52670}, msedge: {msedgedriverVersion: 134.0.3124.72 (c81e2c3854de..., userDataDir: C:\Users\SHUBHA~1\AppData\L...}, networkConnectionEnabled: false, pageLoadStrategy: normal, platformName: windows, proxy: Proxy(), se:cdp: ws://localhost:52670/devtoo..., se:cdpVersion: 134.0.3124.72, setWindowRect: true, strictFileInteractability: false, timeouts: {implicit: 0, pageLoad: 300000, script: 30000}, unhandledPromptBehavior: dismiss and notify, webauthn:extension:credBlob: true, webauthn:extension:largeBlob: true, webauthn:extension:minPinLength: true, webauthn:extension:prf: true, webauthn:virtualAuthenticators: true}
Element: [[EdgeDriver: MicrosoftEdge on windows (564aa9683ec706e07cdf046710e4a7b5)] -&amp;gt; xpath: //button[text()=&amp;apos;Login&amp;apos;]]
Session ID: 564aa9683ec706e07cdf046710e4a7b5">
      <![CDATA[org.openqa.selenium.ElementClickInterceptedException: element click intercepted: Element <button type="submit" class="btn btn-bg btn-primary d-block w-100">...</button> is not clickable at point (948, 924). Other element would receive the click: <iframe id="aswift_3" name="aswift_3" browsingtopics="true" style="width: 728px !important; height: 90px !important; display: block; margin: 0px auto;" sandbox="allow-forms allow-popups allow-popups-to-escape-sandbox allow-same-origin allow-scripts allow-top-navigation-by-user-activation" width="728" height="90" frameborder="0" marginwidth="0" marginheight="0" vspace="0" hspace="0" allowtransparency="true" scrolling="no" allow="attribution-reporting; run-ad-auction" src="https://googleads.g.doubleclick.net/pagead/html/r20250319/r20190131/zrt_lookup_fy2021.html#RS-3-&amp;adk=1812271801&amp;client=ca-pub-1056034821646296&amp;fa=1&amp;ifi=4&amp;uci=a!4&amp;btvi=2" data-google-container-id="a!4" tabindex="0" title="Advertisement" aria-label="Advertisement" data-google-query-id="CNPIkbOtmYwDFQF3nQkdLIUx-g" data-load-complete="true"></iframe>
  (Session info: MicrosoftEdge=134.0.3124.72)
Build info: version: '4.28.1', revision: '73f5ad48a2'
System info: os.name: 'Windows 10', os.arch: 'amd64', os.version: '10.0', java.version: '18.0.1.1'
Driver info: org.openqa.selenium.edge.EdgeDriver
Command: [564aa9683ec706e07cdf046710e4a7b5, clickElement {id=f.FF5400897472BD494C2413B1FDF869F9.d.6175E4856AD5668DFA9564A329684704.e.9}]
Capabilities {acceptInsecureCerts: false, browserName: MicrosoftEdge, browserVersion: 134.0.3124.72, fedcm:accounts: true, ms:edgeOptions: {debuggerAddress: localhost:52670}, msedge: {msedgedriverVersion: 134.0.3124.72 (c81e2c3854de..., userDataDir: C:\Users\SHUBHA~1\AppData\L...}, networkConnectionEnabled: false, pageLoadStrategy: normal, platformName: windows, proxy: Proxy(), se:cdp: ws://localhost:52670/devtoo..., se:cdpVersion: 134.0.3124.72, setWindowRect: true, strictFileInteractability: false, timeouts: {implicit: 0, pageLoad: 300000, script: 30000}, unhandledPromptBehavior: dismiss and notify, webauthn:extension:credBlob: true, webauthn:extension:largeBlob: true, webauthn:extension:minPinLength: true, webauthn:extension:prf: true, webauthn:virtualAuthenticators: true}
Element: [[EdgeDriver: MicrosoftEdge on windows (564aa9683ec706e07cdf046710e4a7b5)] -> xpath: //button[text()='Login']]
Session ID: 564aa9683ec706e07cdf046710e4a7b5
at org.openqa.selenium.remote.ErrorCodec.decode(ErrorCodec.java:167)
at org.openqa.selenium.remote.codec.w3c.W3CHttpResponseCodec.decode(W3CHttpResponseCodec.java:138)
at org.openqa.selenium.remote.codec.w3c.W3CHttpResponseCodec.decode(W3CHttpResponseCodec.java:50)
at org.openqa.selenium.remote.HttpCommandExecutor.execute(HttpCommandExecutor.java:215)
at org.openqa.selenium.remote.service.DriverCommandExecutor.invokeExecute(DriverCommandExecutor.java:216)
at org.openqa.selenium.remote.service.DriverCommandExecutor.execute(DriverCommandExecutor.java:174)
at org.openqa.selenium.remote.RemoteWebDriver.execute(RemoteWebDriver.java:545)
at org.openqa.selenium.remote.RemoteWebElement.execute(RemoteWebElement.java:223)
at org.openqa.selenium.remote.RemoteWebElement.click(RemoteWebElement.java:76)
at seleniumPractice.B_LoginPage.UserLogin(B_LoginPage.java:27)
at java.base/java.util.ArrayList.forEach(ArrayList.java:1511)
at java.base/java.util.concurrent.FutureTask.run(FutureTask.java:264)
at java.base/java.util.concurrent.ThreadPoolExecutor.runWorker(ThreadPoolExecutor.java:1136)
at java.base/java.util.concurrent.ThreadPoolExecutor$Worker.run(ThreadPoolExecutor.java:635)
at java.base/java.lang.Thread.run(Thread.java:833)
... Removed 18 stack frames]]>
    </failure>
  </testcase> <!-- UserLogin -->
  <testcase classname="seleniumPractice.C_RegistrationPractice" name="UserRegistration" time="11.95"/>
  <testcase classname="testDataSetupTestNG.TestNGDataProviderJSON" name="PrintJSONData" time="0.001"/>
  <testcase classname="testDataSetupTestNG.TestNGDataProviderJSON" name="PrintJSONData" time="0.001"/>
  <testcase classname="testDataSetupTestNG.TestNGDataProviderJSON" name="PrintJSONData" time="0.0"/>
  <testcase classname="seleniumPractice.D_DynamicTable" name="DynamicTableHandle" time="5.356"/>
  <testcase classname="testDataSetupTestNG.TestNGDataProviderMultiDimentionalArray" name="ReadTestData" time="0.003"/>
  <testcase classname="testDataSetupTestNG.TestNGDataProviderMultiDimentionalArray" name="ReadTestData" time="0.001"/>
  <testcase classname="testDataSetupTestNG.TestNGDataProviderMultiDimentionalArray" name="ReadTestData" time="0.001"/>
  <testcase classname="seleniumPractice.F_AboutPage" name="SendEmailToDev" time="1.751"/>
  <testcase classname="seleniumPractice.G_BrowserInformation" name="GetBrowserDetails" time="0.19"/>
  <testcase classname="seleniumPractice.H_RadioButtons" name="DefaultValue" time="0.112"/>
  <testcase classname="seleniumPractice.H_RadioButtons" name="FavSportColour" time="0.141"/>
  <testcase classname="seleniumPractice.I_DragDrop" name="DragDrop" time="1.808"/>
  <testcase classname="seleniumPractice.J_DragDrapInContainer" name="DragDrop" time="2.372"/>
  <testcase classname="seleniumPractice.K_FormValidation" name="FormFill" time="3.679"/>
  <testcase classname="seleniumPractice.L_FileUpload" name="UploadWithSendKey" time="4.065"/>
  <testcase classname="seleniumPractice.M_FileDownload" name="DownloadFileAtCustomLocation" time="13.151"/>
  <testcase classname="seleniumPractice.M_FileDownload" name="DownloadFileAtDefaultLocation" time="3.131"/>
</testsuite> <!-- TestNGRun -->
